Started GET "/static_pages/home" for 127.0.0.1 at 2019-12-24 12:38:20 +0900
Processing by StaticPagesController#home as HTML
  Rendering static_pages/home.html.erb within layouts/application
  Rendered static_pages/home.html.erb within layouts/application (1.0ms)
Completed 200 OK in 767ms (Views: 583.5ms)


Started GET "/foo/bar" for 127.0.0.1 at 2019-12-24 12:43:15 +0900
Processing by FooController#bar as HTML
  Rendering foo/bar.html.erb within layouts/application
  Rendered foo/bar.html.erb within layouts/application (1.0ms)
Completed 200 OK in 365ms (Views: 218.9ms)


Started GET "/foo/bar" for 127.0.0.1 at 2019-12-24 12:46:50 +0900
  
ActionController::RoutingError (uninitialized constant FooController):
  
activesupport (5.1.6) lib/active_support/inflector/methods.rb:269:in `const_get'
activesupport (5.1.6) lib/active_support/inflector/methods.rb:269:in `block in constantize'
activesupport (5.1.6) lib/active_support/inflector/methods.rb:267:in `each'
activesupport (5.1.6) lib/active_support/inflector/methods.rb:267:in `inject'
activesupport (5.1.6) lib/active_support/inflector/methods.rb:267:in `constantize'
actionpack (5.1.6) lib/action_dispatch/http/request.rb:85:in `controller_class_for'
actionpack (5.1.6) lib/action_dispatch/http/request.rb:78:in `controller_class'
actionpack (5.1.6) lib/action_dispatch/routing/route_set.rb:43:in `controller'
actionpack (5.1.6) lib/action_dispatch/routing/route_set.rb:29:in `serve'
actionpack (5.1.6) lib/action_dispatch/journey/router.rb:50:in `block in serve'
actionpack (5.1.6) lib/action_dispatch/journey/router.rb:33:in `each'
actionpack (5.1.6) lib/action_dispatch/journey/router.rb:33:in `serve'
actionpack (5.1.6) lib/action_dispatch/routing/route_set.rb:844:in `call'
rack (2.0.8) lib/rack/etag.rb:25:in `call'
rack (2.0.8) lib/rack/conditional_get.rb:25:in `call'
rack (2.0.8) lib/rack/head.rb:12:in `call'
rack (2.0.8) lib/rack/session/abstract/id.rb:259:in `context'
rack (2.0.8) lib/rack/session/abstract/id.rb:253:in `call'
actionpack (5.1.6) lib/action_dispatch/middleware/cookies.rb:613:in `call'
activerecord (5.1.6) lib/active_record/migration.rb:556:in `call'
actionpack (5.1.6) lib/action_dispatch/middleware/callbacks.rb:26:in `block in call'
activesupport (5.1.6) lib/active_support/callbacks.rb:97:in `run_callbacks'
actionpack (5.1.6) lib/action_dispatch/middleware/callbacks.rb:24:in `call'
actionpack (5.1.6) lib/action_dispatch/middleware/executor.rb:12:in `call'
actionpack (5.1.6) lib/action_dispatch/middleware/debug_exceptions.rb:59:in `call'
web-console (3.5.1) lib/web_console/middleware.rb:135:in `call_app'
web-console (3.5.1) lib/web_console/middleware.rb:28:in `block in call'
web-console (3.5.1) lib/web_console/middleware.rb:18:in `catch'
web-console (3.5.1) lib/web_console/middleware.rb:18:in `call'
actionpack (5.1.6) lib/action_dispatch/middleware/show_exceptions.rb:31:in `call'
railties (5.1.6) lib/rails/rack/logger.rb:36:in `call_app'
railties (5.1.6) lib/rails/rack/logger.rb:24:in `block in call'
activesupport (5.1.6) lib/active_support/tagged_logging.rb:69:in `block in tagged'
activesupport (5.1.6) lib/active_support/tagged_logging.rb:26:in `tagged'
activesupport (5.1.6) lib/active_support/tagged_logging.rb:69:in `tagged'
railties (5.1.6) lib/rails/rack/logger.rb:24:in `call'
sprockets-rails (3.2.1) lib/sprockets/rails/quiet_assets.rb:13:in `call'
actionpack (5.1.6) lib/action_dispatch/middleware/remote_ip.rb:79:in `call'
actionpack (5.1.6) lib/action_dispatch/middleware/request_id.rb:25:in `call'
rack (2.0.8) lib/rack/method_override.rb:22:in `call'
rack (2.0.8) lib/rack/runtime.rb:22:in `call'
activesupport (5.1.6) lib/active_support/cache/strategy/local_cache_middleware.rb:27:in `call'
actionpack (5.1.6) lib/action_dispatch/middleware/executor.rb:12:in `call'
actionpack (5.1.6) lib/action_dispatch/middleware/static.rb:125:in `call'
rack (2.0.8) lib/rack/sendfile.rb:111:in `call'
railties (5.1.6) lib/rails/engine.rb:522:in `call'
puma (3.9.1) lib/puma/configuration.rb:224:in `call'
puma (3.9.1) lib/puma/server.rb:602:in `handle_request'
puma (3.9.1) lib/puma/server.rb:435:in `process_client'
puma (3.9.1) lib/puma/server.rb:299:in `block in run'
puma (3.9.1) lib/puma/thread_pool.rb:120:in `block in spawn_thread'
Started GET "/static_pages/home" for 127.0.0.1 at 2019-12-24 12:47:17 +0900
Processing by StaticPagesController#home as HTML
  Rendering static_pages/home.html.erb within layouts/application
  Rendered static_pages/home.html.erb within layouts/application (0.9ms)
Completed 200 OK in 384ms (Views: 185.2ms)


Started GET "/static_pages/home" for 127.0.0.1 at 2019-12-24 12:47:49 +0900
Processing by StaticPagesController#home as HTML
  Rendering static_pages/home.html.erb within layouts/application
  Rendered static_pages/home.html.erb within layouts/application (0.3ms)
Completed 200 OK in 22ms (Views: 19.3ms)


Started GET "/static_pages/about" for 127.0.0.1 at 2019-12-24 13:35:18 +0900
Processing by StaticPagesController#about as HTML
  Rendering static_pages/about.html.erb within layouts/application
  Rendered static_pages/about.html.erb within layouts/application (1.3ms)
Completed 200 OK in 337ms (Views: 167.8ms)


